<?xml version="1.0" encoding="UTF-8"?>
<!-- Generated by org.testng.reporters.JUnitReportReporter -->
<testsuite hostname="DESKTOP-QH90NO7" failures="0" tests="1" name="kanexy" time="19.872" errors="0" timestamp="07 Jul 2022 12:47:02 GMT" skipped="0">
  <testcase classname="kanexy" name="f" time="19.872"/>
</testsuite> <!-- kanexy -->
